<?xml version="1.0" encoding="UTF-8"?>
<!-- Generated by org.testng.reporters.JUnitReportReporter -->
<testsuite hostname="DESKTOP-2AJ86QE" failures="0" tests="1" name="com.priyalmultani.amazoncart.AmazonCartTest" time="9.578" errors="0" timestamp="2024-11-04T02:08:25 IST" skipped="0">
  <testcase classname="com.priyalmultani.amazoncart.AmazonCartTest" name="testAddToCart" time="9.578"/>
</testsuite> <!-- com.priyalmultani.amazoncart.AmazonCartTest -->
